#-----------------------------------------------------------
# Vivado v2018.2 (64-bit)
# SW Build 2258646 on Thu Jun 14 20:03:12 MDT 2018
# IP Build 2256618 on Thu Jun 14 22:10:49 MDT 2018
# Start of session at: Wed Nov 27 18:26:29 2019
# Process ID: 13116
# Current directory: D:/A fall 2019/eecs31l/project_4
# Command line: vivado.exe -gui_launcher_event rodinguilauncherevent7000 D:\A fall 2019\eecs31l\project_4\project_4.xpr
# Log file: D:/A fall 2019/eecs31l/project_4/vivado.log
# Journal file: D:/A fall 2019/eecs31l/project_4\vivado.jou
#-----------------------------------------------------------
start_gui
open_project {D:/A fall 2019/eecs31l/project_4/project_4.xpr}
Scanning sources...
Finished scanning sources
INFO: [IP_Flow 19-234] Refreshing IP repositories
INFO: [IP_Flow 19-1704] No user IP repositories specified
INFO: [IP_Flow 19-2313] Loaded Vivado IP repository 'D:/Xilinx/Vivado/2018.2/data/ip'.
open_project: Time (s): cpu = 00:00:12 ; elapsed = 00:00:05 . Memory (MB): peak = 793.113 ; gain = 27.977
update_compile_order -fileset sources_1
exit
INFO: [Common 17-206] Exiting Vivado at Wed Nov 27 19:52:15 2019...
