#-----------------------------------------------------------
# Vivado v2018.2 (64-bit)
# SW Build 2258646 on Thu Jun 14 20:03:12 MDT 2018
# IP Build 2256618 on Thu Jun 14 22:10:49 MDT 2018
# Start of session at: Thu Nov 28 11:48:36 2019
# Process ID: 6580
# Current directory: D:/A fall 2019/eecs31l/project_4
# Command line: vivado.exe -gui_launcher_event rodinguilauncherevent2632 D:\A fall 2019\eecs31l\project_4\project_4.xpr
# Log file: D:/A fall 2019/eecs31l/project_4/vivado.log
# Journal file: D:/A fall 2019/eecs31l/project_4\vivado.jou
#-----------------------------------------------------------
start_gui
open_project {D:/A fall 2019/eecs31l/project_4/project_4.xpr}
Scanning sources...
Finished scanning sources
INFO: [IP_Flow 19-234] Refreshing IP repositories
INFO: [IP_Flow 19-1704] No user IP repositories specified
INFO: [IP_Flow 19-2313] Loaded Vivado IP repository 'D:/Xilinx/Vivado/2018.2/data/ip'.
update_compile_order -fileset sources_1
exit
INFO: [Common 17-206] Exiting Vivado at Thu Nov 28 20:07:37 2019...
