#-----------------------------------------------------------
# Vivado v2018.2 (64-bit)
# SW Build 2258646 on Thu Jun 14 20:03:12 MDT 2018
# IP Build 2256618 on Thu Jun 14 22:10:49 MDT 2018
# Start of session at: Sun Oct 13 23:43:46 2019
# Process ID: 13688
# Current directory: D:/A fall 2019/eecs31l/project_1/project_1.sim/sim_1/behav/xsim
# Command line: vivado.exe -gui_launcher_event rodinguilauncherevent1008 D:\A fall 2019\eecs31l\project_1\project_1.sim\sim_1\behav\xsim\FA_behav.wdb
# Log file: D:/A fall 2019/eecs31l/project_1/project_1.sim/sim_1/behav/xsim/vivado.log
# Journal file: D:/A fall 2019/eecs31l/project_1/project_1.sim/sim_1/behav/xsim\vivado.jou
#-----------------------------------------------------------
start_gui
open_wave_database {D:\A fall 2019\eecs31l\project_1\project_1.sim\sim_1\behav\xsim\FA_behav.wdb}
INFO: [IP_Flow 19-234] Refreshing IP repositories
INFO: [IP_Flow 19-1704] No user IP repositories specified
INFO: [IP_Flow 19-2313] Loaded Vivado IP repository 'D:/Xilinx/Vivado/2018.2/data/ip'.
close_sim
INFO: [Simtcl 6-16] Simulation closed
exit
INFO: [Common 17-206] Exiting Vivado at Sun Oct 13 23:44:31 2019...
