#-----------------------------------------------------------
# Vivado v2018.2 (64-bit)
# SW Build 2258646 on Thu Jun 14 20:03:12 MDT 2018
# IP Build 2256618 on Thu Jun 14 22:10:49 MDT 2018
# Start of session at: Tue Dec 10 19:57:42 2019
# Process ID: 17992
# Current directory: D:/A fall 2019/eecs31l/project_1
# Command line: vivado.exe -gui_launcher_event rodinguilauncherevent18308 D:\A fall 2019\eecs31l\project_1\project_1.xpr
# Log file: D:/A fall 2019/eecs31l/project_1/vivado.log
# Journal file: D:/A fall 2019/eecs31l/project_1\vivado.jou
#-----------------------------------------------------------
start_gui
open_project {D:/A fall 2019/eecs31l/project_1/project_1.xpr}
CRITICAL WARNING: [Project 1-19] Could not find the file 'D:/A fall 2019/eecs31l/project_1/project_1.srcs/sim_1/imports/project_1/FA_behav.wcfg'.
Scanning sources...
Finished scanning sources
INFO: [IP_Flow 19-234] Refreshing IP repositories
INFO: [IP_Flow 19-1704] No user IP repositories specified
INFO: [IP_Flow 19-2313] Loaded Vivado IP repository 'D:/Xilinx/Vivado/2018.2/data/ip'.
open_project: Time (s): cpu = 00:00:12 ; elapsed = 00:00:19 . Memory (MB): peak = 766.609 ; gain = 98.531
exit
INFO: [Common 17-206] Exiting Vivado at Tue Dec 10 20:03:20 2019...
