#-----------------------------------------------------------
# Vivado v2018.2 (64-bit)
# SW Build 2258646 on Thu Jun 14 20:03:12 MDT 2018
# IP Build 2256618 on Thu Jun 14 22:10:49 MDT 2018
# Start of session at: Sat Oct 19 17:36:15 2019
# Process ID: 10904
# Current directory: D:/A fall 2019/eecs31l/project_1/project_2
# Command line: vivado.exe -gui_launcher_event rodinguilauncherevent4840 D:\A fall 2019\eecs31l\project_1\project_2\project_2.xpr
# Log file: D:/A fall 2019/eecs31l/project_1/project_2/vivado.log
# Journal file: D:/A fall 2019/eecs31l/project_1/project_2\vivado.jou
#-----------------------------------------------------------
start_gui
open_project {D:/A fall 2019/eecs31l/project_1/project_2/project_2.xpr}
Scanning sources...
Finished scanning sources
INFO: [IP_Flow 19-234] Refreshing IP repositories
INFO: [IP_Flow 19-1704] No user IP repositories specified
INFO: [IP_Flow 19-2313] Loaded Vivado IP repository 'D:/Xilinx/Vivado/2018.2/data/ip'.
update_compile_order -fileset sources_1
launch_simulation
INFO: [Vivado 12-5682] Launching behavioral simulation in 'D:/A fall 2019/eecs31l/project_1/project_2/project_2.sim/sim_1/behav/xsim'
INFO: [SIM-utils-51] Simulation object is 'sim_1'
INFO: [SIM-utils-54] Inspecting design source files for 'tb_FA_2' in fileset 'sim_1'...
INFO: [USF-XSim-97] Finding global include files...
INFO: [USF-XSim-98] Fetching design files from 'sim_1'...
INFO: [USF-XSim-2] XSim::Compile design
INFO: [USF-XSim-61] Executing 'COMPILE and ANALYZE' step in 'D:/A fall 2019/eecs31l/project_1/project_2/project_2.sim/sim_1/behav/xsim'
"xvhdl --incr --relax -prj tb_FA_2_vhdl.prj"
INFO: [USF-XSim-69] 'compile' step finished in '2' seconds
INFO: [USF-XSim-3] XSim::Elaborate design
INFO: [USF-XSim-61] Executing 'ELABORATE' step in 'D:/A fall 2019/eecs31l/project_1/project_2/project_2.sim/sim_1/behav/xsim'
Vivado Simulator 2018.2
Copyright 1986-1999, 2001-2018 Xilinx, Inc. All Rights Reserved.
Running: D:/Xilinx/Vivado/2018.2/bin/unwrapped/win64.o/xelab.exe -wto 7b866610863640a6adaefec1c810e6f9 --incr --debug typical --relax --mt 2 -L xil_defaultlib -L secureip --snapshot tb_FA_2_behav xil_defaultlib.tb_FA_2 -log elaborate.log 
Using 2 slave threads.
Starting static elaboration
Completed static elaboration
INFO: [XSIM 43-4323] No Change in HDL. Linking previously generated obj files to create kernel
INFO: [USF-XSim-69] 'elaborate' step finished in '3' seconds
INFO: [USF-XSim-4] XSim::Simulate design
INFO: [USF-XSim-61] Executing 'SIMULATE' step in 'D:/A fall 2019/eecs31l/project_1/project_2/project_2.sim/sim_1/behav/xsim'
INFO: [USF-XSim-98] *** Running xsim
   with args "tb_FA_2_behav -key {Behavioral:sim_1:Functional:tb_FA_2} -tclbatch {tb_FA_2.tcl} -log {simulate.log}"
INFO: [USF-XSim-8] Loading simulator feature
Vivado Simulator 2018.2
Time resolution is 1 ps
source tb_FA_2.tcl
# set curr_wave [current_wave_config]
# if { [string length $curr_wave] == 0 } {
#   if { [llength [get_objects]] > 0} {
#     add_wave /
#     set_property needs_save false [current_wave_config]
#   } else {
#      send_msg_id Add_Wave-1 WARNING "No top level signals found. Simulator will start without a wave window. If you want to open a wave window go to 'File->New Waveform Configuration' or type 'create_wave_config' in the TCL console."
#   }
# }
# run 80ns
INFO: [USF-XSim-96] XSim completed. Design snapshot 'tb_FA_2_behav' loaded.
INFO: [USF-XSim-97] XSim simulation ran for 80ns
launch_simulation: Time (s): cpu = 00:00:07 ; elapsed = 00:00:09 . Memory (MB): peak = 782.465 ; gain = 21.375
close_sim
INFO: [Simtcl 6-16] Simulation closed
exit
INFO: [Common 17-206] Exiting Vivado at Sun Oct 20 00:48:37 2019...
