#-----------------------------------------------------------
# Vivado v2018.2 (64-bit)
# SW Build 2258646 on Thu Jun 14 20:03:12 MDT 2018
# IP Build 2256618 on Thu Jun 14 22:10:49 MDT 2018
# Start of session at: Wed Dec 11 15:58:40 2019
# Process ID: 10776
# Current directory: D:/A fall 2019/eecs31l/project_3_B
# Command line: vivado.exe -gui_launcher_event rodinguilauncherevent13392 D:\A fall 2019\eecs31l\project_3_B\project_3_B.xpr
# Log file: D:/A fall 2019/eecs31l/project_3_B/vivado.log
# Journal file: D:/A fall 2019/eecs31l/project_3_B\vivado.jou
#-----------------------------------------------------------
start_gui
open_project {D:/A fall 2019/eecs31l/project_3_B/project_3_B.xpr}
Scanning sources...
Finished scanning sources
INFO: [IP_Flow 19-234] Refreshing IP repositories
INFO: [IP_Flow 19-1704] No user IP repositories specified
INFO: [IP_Flow 19-2313] Loaded Vivado IP repository 'D:/Xilinx/Vivado/2018.2/data/ip'.
open_project: Time (s): cpu = 00:00:09 ; elapsed = 00:00:05 . Memory (MB): peak = 746.023 ; gain = 56.598
update_compile_order -fileset sources_1
exit
INFO: [Common 17-206] Exiting Vivado at Wed Dec 11 20:55:19 2019...
